TN:
SF:.\cadence\contracts\MockPriceOracle.cdc
DA:27,1
DA:28,1
DA:29,1
DA:39,0
DA:40,0
DA:43,0
DA:44,0
DA:50,0
DA:52,0
DA:58,0
DA:63,0
DA:68,0
DA:69,0
DA:70,0
DA:75,0
DA:81,0
DA:82,0
DA:83,0
DA:85,0
DA:90,1
DA:93,1
DA:97,1
DA:98,1
DA:105,1
DA:106,1
DA:108,1
LF:26
LH:10
end_of_record
TN:
SF:.\cadence\contracts\OverflowGame.cdc
DA:144,0
DA:145,0
DA:146,0
DA:147,0
DA:176,0
DA:177,0
DA:178,0
DA:179,0
DA:180,0
DA:235,0
DA:237,0
DA:238,0
DA:239,0
DA:240,0
DA:241,0
DA:244,0
DA:247,0
DA:250,0
DA:256,0
DA:262,0
DA:268,0
DA:274,0
DA:280,0
DA:286,0
DA:292,0
DA:298,0
DA:304,0
DA:310,0
DA:323,1
DA:331,1
DA:335,1
DA:343,0
DA:344,0
DA:348,0
DA:354,1
DA:376,0
DA:386,0
DA:390,0
DA:394,0
DA:395,0
DA:399,0
DA:402,0
DA:403,0
DA:407,0
DA:410,0
DA:414,0
DA:416,0
DA:419,0
DA:422,0
DA:429,0
DA:430,0
DA:437,0
DA:438,0
DA:460,0
DA:461,0
DA:462,0
DA:466,0
DA:467,0
DA:468,0
DA:469,0
DA:470,0
DA:475,0
DA:476,0
DA:479,0
DA:482,0
DA:484,0
DA:487,0
DA:488,0
DA:491,0
DA:501,0
DA:502,0
DA:505,0
DA:508,0
DA:509,0
DA:511,0
DA:526,0
DA:536,0
DA:537,0
DA:538,0
DA:541,0
DA:544,0
DA:545,0
DA:549,0
DA:550,0
DA:554,0
DA:555,0
DA:556,0
DA:560,0
DA:561,0
DA:565,0
DA:568,0
DA:569,0
DA:570,0
DA:572,0
DA:574,0
DA:577,0
DA:581,0
DA:582,0
DA:584,0
DA:588,0
DA:591,0
DA:594,0
DA:596,0
DA:599,0
DA:601,0
DA:605,0
DA:614,0
DA:625,0
DA:635,0
DA:639,0
DA:642,0
DA:645,0
DA:646,0
DA:649,0
DA:652,0
DA:661,0
DA:664,0
DA:674,0
DA:675,0
DA:679,0
DA:680,0
DA:681,0
DA:684,0
DA:687,0
DA:688,0
DA:692,0
DA:693,0
DA:697,0
DA:700,0
DA:704,0
DA:707,0
DA:708,0
DA:712,0
DA:714,0
DA:717,0
DA:720,0
DA:723,0
DA:750,0
DA:763,0
DA:766,0
DA:773,1
DA:780,1
DA:817,1
DA:818,1
DA:819,1
DA:820,1
DA:821,1
DA:822,1
DA:823,1
DA:824,1
DA:825,1
DA:826,1
DA:827,1
DA:828,1
DA:850,65
DA:851,65
DA:852,65
DA:853,65
DA:854,65
DA:855,65
DA:865,1
DA:866,1
DA:867,1
DA:870,0
DA:873,0
DA:874,0
DA:876,0
DA:877,0
DA:882,0
DA:883,0
DA:887,0
DA:892,0
DA:893,0
DA:894,0
DA:896,0
DA:900,0
DA:923,8
DA:997,1
DA:998,1
DA:999,1
DA:1002,0
DA:1008,3
DA:1014,0
DA:1021,0
DA:1028,1
DA:1036,0
DA:1039,0
DA:1048,1
DA:1049,1
DA:1050,1
DA:1053,1
DA:1056,1
DA:1059,1
DA:1062,1
DA:1065,1
DA:1068,1
DA:1069,1
DA:1072,1
DA:1073,1
DA:1076,1
DA:1077,1
LF:201
LH:47
end_of_record
